{"D:\\Binar Academy\\backend\\app.js": {"path":"D:\\Binar Academy\\backend\\app.js","all":false,"statementMap":{"0":{"start":{"line":1,"column":0},"end":{"line":1,"column":33}},"1":{"start":{"line":2,"column":0},"end":{"line":2,"column":49}},"2":{"start":{"line":3,"column":0},"end":{"line":3,"column":33}},"3":{"start":{"line":4,"column":0},"end":{"line":4,"column":27}},"4":{"start":{"line":5,"column":0},"end":{"line":5,"column":44}},"5":{"start":{"line":6,"column":0},"end":{"line":6,"column":31}},"6":{"start":{"line":7,"column":0},"end":{"line":7,"column":27}},"7":{"start":{"line":8,"column":0},"end":{"line":8,"column":0}},"8":{"start":{"line":9,"column":0},"end":{"line":9,"column":44}},"9":{"start":{"line":10,"column":0},"end":{"line":10,"column":42}},"10":{"start":{"line":11,"column":0},"end":{"line":11,"column":48}},"11":{"start":{"line":12,"column":0},"end":{"line":12,"column":44}},"12":{"start":{"line":13,"column":0},"end":{"line":13,"column":0}},"13":{"start":{"line":14,"column":0},"end":{"line":14,"column":20}},"14":{"start":{"line":15,"column":0},"end":{"line":15,"column":0}},"15":{"start":{"line":16,"column":0},"end":{"line":16,"column":0}},"16":{"start":{"line":17,"column":0},"end":{"line":17,"column":20}},"17":{"start":{"line":18,"column":0},"end":{"line":18,"column":16}},"18":{"start":{"line":19,"column":0},"end":{"line":19,"column":0}},"19":{"start":{"line":20,"column":0},"end":{"line":20,"column":15}},"20":{"start":{"line":21,"column":0},"end":{"line":21,"column":23}},"21":{"start":{"line":22,"column":0},"end":{"line":22,"column":24}},"22":{"start":{"line":23,"column":0},"end":{"line":23,"column":22}},"23":{"start":{"line":24,"column":0},"end":{"line":24,"column":35}},"24":{"start":{"line":25,"column":0},"end":{"line":25,"column":49}},"25":{"start":{"line":26,"column":0},"end":{"line":26,"column":24}},"26":{"start":{"line":27,"column":0},"end":{"line":27,"column":56}},"27":{"start":{"line":28,"column":0},"end":{"line":28,"column":0}},"28":{"start":{"line":29,"column":0},"end":{"line":29,"column":26}},"29":{"start":{"line":30,"column":0},"end":{"line":30,"column":30}},"30":{"start":{"line":31,"column":0},"end":{"line":31,"column":36}},"31":{"start":{"line":32,"column":0},"end":{"line":32,"column":32}},"32":{"start":{"line":33,"column":0},"end":{"line":33,"column":0}},"33":{"start":{"line":34,"column":0},"end":{"line":34,"column":21}}},"s":{"0":1,"1":1,"2":1,"3":1,"4":1,"5":1,"6":1,"7":1,"8":1,"9":1,"10":1,"11":1,"12":1,"13":1,"14":1,"15":1,"16":1,"17":1,"18":1,"19":1,"20":1,"21":1,"22":1,"23":1,"24":1,"25":1,"26":1,"27":1,"28":1,"29":1,"30":1,"31":1,"32":1,"33":1},"branchMap":{},"b":{},"fnMap":{},"f":{}}
,"D:\\Binar Academy\\backend\\config\\cloudinary.js": {"path":"D:\\Binar Academy\\backend\\config\\cloudinary.js","all":false,"statementMap":{"0":{"start":{"line":1,"column":0},"end":{"line":1,"column":44}},"1":{"start":{"line":2,"column":0},"end":{"line":2,"column":33}},"2":{"start":{"line":3,"column":0},"end":{"line":3,"column":0}},"3":{"start":{"line":4,"column":0},"end":{"line":4,"column":11}},"4":{"start":{"line":5,"column":0},"end":{"line":5,"column":16}},"5":{"start":{"line":6,"column":0},"end":{"line":6,"column":0}},"6":{"start":{"line":7,"column":0},"end":{"line":7,"column":19}},"7":{"start":{"line":8,"column":0},"end":{"line":8,"column":44}},"8":{"start":{"line":9,"column":0},"end":{"line":9,"column":40}},"9":{"start":{"line":10,"column":0},"end":{"line":10,"column":45}},"10":{"start":{"line":11,"column":0},"end":{"line":11,"column":3}},"11":{"start":{"line":12,"column":0},"end":{"line":12,"column":0}},"12":{"start":{"line":13,"column":0},"end":{"line":13,"column":28}}},"s":{"0":1,"1":1,"2":1,"3":1,"4":1,"5":1,"6":1,"7":1,"8":1,"9":1,"10":1,"11":1,"12":1},"branchMap":{},"b":{},"fnMap":{},"f":{}}
,"D:\\Binar Academy\\backend\\config\\config.js": {"path":"D:\\Binar Academy\\backend\\config\\config.js","all":false,"statementMap":{"0":{"start":{"line":1,"column":0},"end":{"line":1,"column":33}},"1":{"start":{"line":2,"column":0},"end":{"line":2,"column":0}},"2":{"start":{"line":3,"column":0},"end":{"line":3,"column":11}},"3":{"start":{"line":4,"column":0},"end":{"line":4,"column":16}},"4":{"start":{"line":5,"column":0},"end":{"line":5,"column":0}},"5":{"start":{"line":6,"column":0},"end":{"line":6,"column":18}},"6":{"start":{"line":7,"column":0},"end":{"line":7,"column":16}},"7":{"start":{"line":8,"column":0},"end":{"line":8,"column":23}},"8":{"start":{"line":9,"column":0},"end":{"line":9,"column":21}},"9":{"start":{"line":10,"column":0},"end":{"line":10,"column":28}},"10":{"start":{"line":11,"column":0},"end":{"line":11,"column":22}},"11":{"start":{"line":12,"column":0},"end":{"line":12,"column":24}},"12":{"start":{"line":13,"column":0},"end":{"line":13,"column":4}},"13":{"start":{"line":14,"column":0},"end":{"line":14,"column":9}},"14":{"start":{"line":15,"column":0},"end":{"line":15,"column":23}},"15":{"start":{"line":16,"column":0},"end":{"line":16,"column":21}},"16":{"start":{"line":17,"column":0},"end":{"line":17,"column":33}},"17":{"start":{"line":18,"column":0},"end":{"line":18,"column":22}},"18":{"start":{"line":19,"column":0},"end":{"line":19,"column":24}},"19":{"start":{"line":20,"column":0},"end":{"line":20,"column":4}},"20":{"start":{"line":21,"column":0},"end":{"line":21,"column":15}},"21":{"start":{"line":22,"column":0},"end":{"line":22,"column":42}},"22":{"start":{"line":23,"column":0},"end":{"line":23,"column":42}},"23":{"start":{"line":24,"column":0},"end":{"line":24,"column":38}},"24":{"start":{"line":25,"column":0},"end":{"line":25,"column":34}},"25":{"start":{"line":26,"column":0},"end":{"line":26,"column":24}},"26":{"start":{"line":27,"column":0},"end":{"line":27,"column":21}},"27":{"start":{"line":28,"column":0},"end":{"line":28,"column":12}},"28":{"start":{"line":29,"column":0},"end":{"line":29,"column":22}},"29":{"start":{"line":30,"column":0},"end":{"line":30,"column":34}},"30":{"start":{"line":31,"column":0},"end":{"line":31,"column":8}},"31":{"start":{"line":32,"column":0},"end":{"line":32,"column":6}},"32":{"start":{"line":33,"column":0},"end":{"line":33,"column":4}},"33":{"start":{"line":34,"column":0},"end":{"line":34,"column":2}}},"s":{"0":1,"1":1,"2":1,"3":1,"4":1,"5":1,"6":1,"7":1,"8":1,"9":1,"10":1,"11":1,"12":1,"13":1,"14":1,"15":1,"16":1,"17":1,"18":1,"19":1,"20":1,"21":1,"22":1,"23":1,"24":1,"25":1,"26":1,"27":1,"28":1,"29":1,"30":1,"31":1,"32":1,"33":1},"branchMap":{},"b":{},"fnMap":{},"f":{}}
,"D:\\Binar Academy\\backend\\controllers\\order.js": {"path":"D:\\Binar Academy\\backend\\controllers\\order.js","all":false,"statementMap":{"0":{"start":{"line":1,"column":0},"end":{"line":1,"column":32}},"1":{"start":{"line":2,"column":0},"end":{"line":2,"column":25}},"2":{"start":{"line":3,"column":0},"end":{"line":3,"column":39}},"3":{"start":{"line":4,"column":0},"end":{"line":4,"column":29}},"4":{"start":{"line":5,"column":0},"end":{"line":5,"column":0}},"5":{"start":{"line":6,"column":0},"end":{"line":6,"column":33}},"6":{"start":{"line":7,"column":0},"end":{"line":7,"column":17}},"7":{"start":{"line":8,"column":0},"end":{"line":8,"column":40}},"8":{"start":{"line":9,"column":0},"end":{"line":9,"column":20}},"9":{"start":{"line":10,"column":0},"end":{"line":10,"column":38}},"10":{"start":{"line":11,"column":0},"end":{"line":11,"column":25}},"11":{"start":{"line":12,"column":0},"end":{"line":12,"column":4}},"12":{"start":{"line":13,"column":0},"end":{"line":13,"column":49}},"13":{"start":{"line":14,"column":0},"end":{"line":14,"column":0}},"14":{"start":{"line":15,"column":0},"end":{"line":15,"column":44}},"15":{"start":{"line":16,"column":0},"end":{"line":16,"column":12}},"16":{"start":{"line":17,"column":0},"end":{"line":17,"column":32}},"17":{"start":{"line":18,"column":0},"end":{"line":18,"column":6}},"18":{"start":{"line":19,"column":0},"end":{"line":19,"column":5}},"19":{"start":{"line":20,"column":0},"end":{"line":20,"column":24}},"20":{"start":{"line":21,"column":0},"end":{"line":21,"column":43}},"21":{"start":{"line":22,"column":0},"end":{"line":22,"column":31}},"22":{"start":{"line":23,"column":0},"end":{"line":23,"column":38}},"23":{"start":{"line":24,"column":0},"end":{"line":24,"column":29}},"24":{"start":{"line":25,"column":0},"end":{"line":25,"column":24}},"25":{"start":{"line":26,"column":0},"end":{"line":26,"column":4}},"26":{"start":{"line":27,"column":0},"end":{"line":27,"column":0}},"27":{"start":{"line":28,"column":0},"end":{"line":28,"column":43}},"28":{"start":{"line":29,"column":0},"end":{"line":29,"column":0}},"29":{"start":{"line":30,"column":0},"end":{"line":30,"column":12}},"30":{"start":{"line":31,"column":0},"end":{"line":31,"column":30}},"31":{"start":{"line":32,"column":0},"end":{"line":32,"column":5}},"32":{"start":{"line":33,"column":0},"end":{"line":33,"column":1}},"33":{"start":{"line":34,"column":0},"end":{"line":34,"column":0}},"34":{"start":{"line":35,"column":0},"end":{"line":35,"column":33}},"35":{"start":{"line":36,"column":0},"end":{"line":36,"column":65}},"36":{"start":{"line":37,"column":0},"end":{"line":37,"column":26}},"37":{"start":{"line":38,"column":0},"end":{"line":38,"column":19}},"38":{"start":{"line":39,"column":0},"end":{"line":39,"column":44}},"39":{"start":{"line":40,"column":0},"end":{"line":40,"column":6}},"40":{"start":{"line":41,"column":0},"end":{"line":41,"column":32}},"41":{"start":{"line":42,"column":0},"end":{"line":42,"column":14}},"42":{"start":{"line":43,"column":0},"end":{"line":43,"column":26}},"43":{"start":{"line":44,"column":0},"end":{"line":44,"column":8}},"44":{"start":{"line":45,"column":0},"end":{"line":45,"column":7}},"45":{"start":{"line":46,"column":0},"end":{"line":46,"column":26}},"46":{"start":{"line":47,"column":0},"end":{"line":47,"column":45}},"47":{"start":{"line":48,"column":0},"end":{"line":48,"column":41}},"48":{"start":{"line":49,"column":0},"end":{"line":49,"column":47}},"49":{"start":{"line":50,"column":0},"end":{"line":50,"column":37}},"50":{"start":{"line":51,"column":0},"end":{"line":51,"column":26}},"51":{"start":{"line":52,"column":0},"end":{"line":52,"column":6}},"52":{"start":{"line":53,"column":0},"end":{"line":53,"column":45}},"53":{"start":{"line":54,"column":0},"end":{"line":54,"column":14}},"54":{"start":{"line":55,"column":0},"end":{"line":55,"column":46}},"55":{"start":{"line":56,"column":0},"end":{"line":56,"column":7}},"56":{"start":{"line":57,"column":0},"end":{"line":57,"column":10}},"57":{"start":{"line":58,"column":0},"end":{"line":58,"column":14}},"58":{"start":{"line":59,"column":0},"end":{"line":59,"column":42}},"59":{"start":{"line":60,"column":0},"end":{"line":60,"column":7}},"60":{"start":{"line":61,"column":0},"end":{"line":61,"column":3}},"61":{"start":{"line":62,"column":0},"end":{"line":62,"column":1}},"62":{"start":{"line":63,"column":0},"end":{"line":63,"column":0}},"63":{"start":{"line":64,"column":0},"end":{"line":64,"column":18}},"64":{"start":{"line":65,"column":0},"end":{"line":65,"column":9}},"65":{"start":{"line":66,"column":0},"end":{"line":66,"column":9}},"66":{"start":{"line":67,"column":0},"end":{"line":67,"column":2}}},"s":{"0":1,"1":1,"2":1,"3":1,"4":1,"5":0,"6":0,"7":0,"8":0,"9":0,"10":0,"11":0,"12":0,"13":0,"14":0,"15":0,"16":0,"17":0,"18":0,"19":0,"20":0,"21":0,"22":0,"23":0,"24":0,"25":0,"26":0,"27":0,"28":0,"29":0,"30":0,"31":0,"32":0,"33":1,"34":0,"35":0,"36":0,"37":0,"38":0,"39":0,"40":0,"41":0,"42":0,"43":0,"44":0,"45":0,"46":0,"47":0,"48":0,"49":0,"50":0,"51":0,"52":0,"53":0,"54":0,"55":0,"56":0,"57":0,"58":0,"59":0,"60":0,"61":0,"62":1,"63":1,"64":1,"65":1,"66":1},"branchMap":{},"b":{},"fnMap":{"0":{"name":"insert","decl":{"start":{"line":6,"column":0},"end":{"line":33,"column":1}},"loc":{"start":{"line":6,"column":0},"end":{"line":33,"column":1}},"line":6},"1":{"name":"update","decl":{"start":{"line":35,"column":0},"end":{"line":62,"column":1}},"loc":{"start":{"line":35,"column":0},"end":{"line":62,"column":1}},"line":35}},"f":{"0":0,"1":0}}
,"D:\\Binar Academy\\backend\\controllers\\product.js": {"path":"D:\\Binar Academy\\backend\\controllers\\product.js","all":false,"statementMap":{"0":{"start":{"line":1,"column":0},"end":{"line":1,"column":55}},"1":{"start":{"line":2,"column":0},"end":{"line":2,"column":32}},"2":{"start":{"line":3,"column":0},"end":{"line":3,"column":29}},"3":{"start":{"line":4,"column":0},"end":{"line":4,"column":33}},"4":{"start":{"line":5,"column":0},"end":{"line":5,"column":39}},"5":{"start":{"line":6,"column":0},"end":{"line":6,"column":0}},"6":{"start":{"line":7,"column":0},"end":{"line":7,"column":34}},"7":{"start":{"line":8,"column":0},"end":{"line":8,"column":43}},"8":{"start":{"line":9,"column":0},"end":{"line":9,"column":14}},"9":{"start":{"line":10,"column":0},"end":{"line":10,"column":7}},"10":{"start":{"line":11,"column":0},"end":{"line":11,"column":26}},"11":{"start":{"line":12,"column":0},"end":{"line":12,"column":8}},"12":{"start":{"line":13,"column":0},"end":{"line":13,"column":6}},"13":{"start":{"line":14,"column":0},"end":{"line":14,"column":5}},"14":{"start":{"line":15,"column":0},"end":{"line":15,"column":12}},"15":{"start":{"line":16,"column":0},"end":{"line":16,"column":19}},"16":{"start":{"line":17,"column":0},"end":{"line":17,"column":5}},"17":{"start":{"line":18,"column":0},"end":{"line":18,"column":1}},"18":{"start":{"line":19,"column":0},"end":{"line":19,"column":0}},"19":{"start":{"line":20,"column":0},"end":{"line":20,"column":35}},"20":{"start":{"line":21,"column":0},"end":{"line":21,"column":57}},"21":{"start":{"line":22,"column":0},"end":{"line":22,"column":24}},"22":{"start":{"line":23,"column":0},"end":{"line":23,"column":14}},"23":{"start":{"line":24,"column":0},"end":{"line":24,"column":35}},"24":{"start":{"line":25,"column":0},"end":{"line":25,"column":7}},"25":{"start":{"line":26,"column":0},"end":{"line":26,"column":10}},"26":{"start":{"line":27,"column":0},"end":{"line":27,"column":14}},"27":{"start":{"line":28,"column":0},"end":{"line":28,"column":20}},"28":{"start":{"line":29,"column":0},"end":{"line":29,"column":7}},"29":{"start":{"line":30,"column":0},"end":{"line":30,"column":3}},"30":{"start":{"line":31,"column":0},"end":{"line":31,"column":1}},"31":{"start":{"line":32,"column":0},"end":{"line":32,"column":0}},"32":{"start":{"line":33,"column":0},"end":{"line":33,"column":43}},"33":{"start":{"line":34,"column":0},"end":{"line":34,"column":42}},"34":{"start":{"line":35,"column":0},"end":{"line":35,"column":14}},"35":{"start":{"line":36,"column":0},"end":{"line":36,"column":7}},"36":{"start":{"line":37,"column":0},"end":{"line":37,"column":26}},"37":{"start":{"line":38,"column":0},"end":{"line":38,"column":8}},"38":{"start":{"line":39,"column":0},"end":{"line":39,"column":6}},"39":{"start":{"line":40,"column":0},"end":{"line":40,"column":12}},"40":{"start":{"line":41,"column":0},"end":{"line":41,"column":33}},"41":{"start":{"line":42,"column":0},"end":{"line":42,"column":6}},"42":{"start":{"line":43,"column":0},"end":{"line":43,"column":5}},"43":{"start":{"line":44,"column":0},"end":{"line":44,"column":12}},"44":{"start":{"line":45,"column":0},"end":{"line":45,"column":18}},"45":{"start":{"line":46,"column":0},"end":{"line":46,"column":5}},"46":{"start":{"line":47,"column":0},"end":{"line":47,"column":1}},"47":{"start":{"line":48,"column":0},"end":{"line":48,"column":0}},"48":{"start":{"line":49,"column":0},"end":{"line":49,"column":33}},"49":{"start":{"line":50,"column":0},"end":{"line":50,"column":58}},"50":{"start":{"line":51,"column":0},"end":{"line":51,"column":32}},"51":{"start":{"line":52,"column":0},"end":{"line":52,"column":4}},"52":{"start":{"line":53,"column":0},"end":{"line":53,"column":19}},"53":{"start":{"line":54,"column":0},"end":{"line":54,"column":42}},"54":{"start":{"line":55,"column":0},"end":{"line":55,"column":44}},"55":{"start":{"line":56,"column":0},"end":{"line":56,"column":56}},"56":{"start":{"line":57,"column":0},"end":{"line":57,"column":41}},"57":{"start":{"line":58,"column":0},"end":{"line":58,"column":28}},"58":{"start":{"line":59,"column":0},"end":{"line":59,"column":40}},"59":{"start":{"line":60,"column":0},"end":{"line":60,"column":25}},"60":{"start":{"line":61,"column":0},"end":{"line":61,"column":4}},"61":{"start":{"line":62,"column":0},"end":{"line":62,"column":55}},"62":{"start":{"line":63,"column":0},"end":{"line":63,"column":0}},"63":{"start":{"line":64,"column":0},"end":{"line":64,"column":24}},"64":{"start":{"line":65,"column":0},"end":{"line":65,"column":48}},"65":{"start":{"line":66,"column":0},"end":{"line":66,"column":25}},"66":{"start":{"line":67,"column":0},"end":{"line":67,"column":33}},"67":{"start":{"line":68,"column":0},"end":{"line":68,"column":24}},"68":{"start":{"line":69,"column":0},"end":{"line":69,"column":4}},"69":{"start":{"line":70,"column":0},"end":{"line":70,"column":43}},"70":{"start":{"line":71,"column":0},"end":{"line":71,"column":26}},"71":{"start":{"line":72,"column":0},"end":{"line":72,"column":1}},"72":{"start":{"line":73,"column":0},"end":{"line":73,"column":0}},"73":{"start":{"line":74,"column":0},"end":{"line":74,"column":33}},"74":{"start":{"line":75,"column":0},"end":{"line":75,"column":69}},"75":{"start":{"line":76,"column":0},"end":{"line":76,"column":28}},"76":{"start":{"line":77,"column":0},"end":{"line":77,"column":46}},"77":{"start":{"line":78,"column":0},"end":{"line":78,"column":74}},"78":{"start":{"line":79,"column":0},"end":{"line":79,"column":13}},"79":{"start":{"line":80,"column":0},"end":{"line":80,"column":21}},"80":{"start":{"line":81,"column":0},"end":{"line":81,"column":44}},"81":{"start":{"line":82,"column":0},"end":{"line":82,"column":46}},"82":{"start":{"line":83,"column":0},"end":{"line":83,"column":58}},"83":{"start":{"line":84,"column":0},"end":{"line":84,"column":44}},"84":{"start":{"line":85,"column":0},"end":{"line":85,"column":31}},"85":{"start":{"line":86,"column":0},"end":{"line":86,"column":35}},"86":{"start":{"line":87,"column":0},"end":{"line":87,"column":42}},"87":{"start":{"line":88,"column":0},"end":{"line":88,"column":6}},"88":{"start":{"line":89,"column":0},"end":{"line":89,"column":36}},"89":{"start":{"line":90,"column":0},"end":{"line":90,"column":14}},"90":{"start":{"line":91,"column":0},"end":{"line":91,"column":26}},"91":{"start":{"line":92,"column":0},"end":{"line":92,"column":8}},"92":{"start":{"line":93,"column":0},"end":{"line":93,"column":7}},"93":{"start":{"line":94,"column":0},"end":{"line":94,"column":14}},"94":{"start":{"line":95,"column":0},"end":{"line":95,"column":48}},"95":{"start":{"line":96,"column":0},"end":{"line":96,"column":7}},"96":{"start":{"line":97,"column":0},"end":{"line":97,"column":10}},"97":{"start":{"line":98,"column":0},"end":{"line":98,"column":14}},"98":{"start":{"line":99,"column":0},"end":{"line":99,"column":35}},"99":{"start":{"line":100,"column":0},"end":{"line":100,"column":7}},"100":{"start":{"line":101,"column":0},"end":{"line":101,"column":3}},"101":{"start":{"line":102,"column":0},"end":{"line":102,"column":1}},"102":{"start":{"line":103,"column":0},"end":{"line":103,"column":0}},"103":{"start":{"line":104,"column":0},"end":{"line":104,"column":46}},"104":{"start":{"line":105,"column":0},"end":{"line":105,"column":69}},"105":{"start":{"line":106,"column":0},"end":{"line":106,"column":28}},"106":{"start":{"line":107,"column":0},"end":{"line":107,"column":72}},"107":{"start":{"line":108,"column":0},"end":{"line":108,"column":36}},"108":{"start":{"line":109,"column":0},"end":{"line":109,"column":14}},"109":{"start":{"line":110,"column":0},"end":{"line":110,"column":26}},"110":{"start":{"line":111,"column":0},"end":{"line":111,"column":8}},"111":{"start":{"line":112,"column":0},"end":{"line":112,"column":7}},"112":{"start":{"line":113,"column":0},"end":{"line":113,"column":14}},"113":{"start":{"line":114,"column":0},"end":{"line":114,"column":48}},"114":{"start":{"line":115,"column":0},"end":{"line":115,"column":7}},"115":{"start":{"line":116,"column":0},"end":{"line":116,"column":10}},"116":{"start":{"line":117,"column":0},"end":{"line":117,"column":14}},"117":{"start":{"line":118,"column":0},"end":{"line":118,"column":35}},"118":{"start":{"line":119,"column":0},"end":{"line":119,"column":7}},"119":{"start":{"line":120,"column":0},"end":{"line":120,"column":3}},"120":{"start":{"line":121,"column":0},"end":{"line":121,"column":1}},"121":{"start":{"line":122,"column":0},"end":{"line":122,"column":0}},"122":{"start":{"line":123,"column":0},"end":{"line":123,"column":34}},"123":{"start":{"line":124,"column":0},"end":{"line":124,"column":69}},"124":{"start":{"line":125,"column":0},"end":{"line":125,"column":28}},"125":{"start":{"line":126,"column":0},"end":{"line":126,"column":28}},"126":{"start":{"line":127,"column":0},"end":{"line":127,"column":14}},"127":{"start":{"line":128,"column":0},"end":{"line":128,"column":26}},"128":{"start":{"line":129,"column":0},"end":{"line":129,"column":8}},"129":{"start":{"line":130,"column":0},"end":{"line":130,"column":7}},"130":{"start":{"line":131,"column":0},"end":{"line":131,"column":14}},"131":{"start":{"line":132,"column":0},"end":{"line":132,"column":42}},"132":{"start":{"line":133,"column":0},"end":{"line":133,"column":7}},"133":{"start":{"line":134,"column":0},"end":{"line":134,"column":10}},"134":{"start":{"line":135,"column":0},"end":{"line":135,"column":14}},"135":{"start":{"line":136,"column":0},"end":{"line":136,"column":35}},"136":{"start":{"line":137,"column":0},"end":{"line":137,"column":7}},"137":{"start":{"line":138,"column":0},"end":{"line":138,"column":3}},"138":{"start":{"line":139,"column":0},"end":{"line":139,"column":1}},"139":{"start":{"line":140,"column":0},"end":{"line":140,"column":0}},"140":{"start":{"line":141,"column":0},"end":{"line":141,"column":18}},"141":{"start":{"line":142,"column":0},"end":{"line":142,"column":10}},"142":{"start":{"line":143,"column":0},"end":{"line":143,"column":11}},"143":{"start":{"line":144,"column":0},"end":{"line":144,"column":19}},"144":{"start":{"line":145,"column":0},"end":{"line":145,"column":9}},"145":{"start":{"line":146,"column":0},"end":{"line":146,"column":9}},"146":{"start":{"line":147,"column":0},"end":{"line":147,"column":22}},"147":{"start":{"line":148,"column":0},"end":{"line":148,"column":10}},"148":{"start":{"line":149,"column":0},"end":{"line":149,"column":2}}},"s":{"0":1,"1":1,"2":1,"3":1,"4":1,"5":1,"6":1,"7":1,"8":1,"9":1,"10":1,"11":1,"12":1,"13":1,"14":1,"15":1,"16":1,"17":1,"18":1,"19":0,"20":0,"21":0,"22":0,"23":0,"24":0,"25":0,"26":0,"27":0,"28":0,"29":0,"30":0,"31":1,"32":0,"33":0,"34":0,"35":0,"36":0,"37":0,"38":0,"39":0,"40":0,"41":0,"42":0,"43":0,"44":0,"45":0,"46":0,"47":1,"48":0,"49":0,"50":0,"51":0,"52":0,"53":0,"54":0,"55":0,"56":0,"57":0,"58":0,"59":0,"60":0,"61":0,"62":0,"63":0,"64":0,"65":0,"66":0,"67":0,"68":0,"69":0,"70":0,"71":0,"72":1,"73":0,"74":0,"75":0,"76":0,"77":0,"78":0,"79":0,"80":0,"81":0,"82":0,"83":0,"84":0,"85":0,"86":0,"87":0,"88":0,"89":0,"90":0,"91":0,"92":0,"93":0,"94":0,"95":0,"96":0,"97":0,"98":0,"99":0,"100":0,"101":0,"102":1,"103":0,"104":0,"105":0,"106":0,"107":0,"108":0,"109":0,"110":0,"111":0,"112":0,"113":0,"114":0,"115":0,"116":0,"117":0,"118":0,"119":0,"120":0,"121":1,"122":0,"123":0,"124":0,"125":0,"126":0,"127":0,"128":0,"129":0,"130":0,"131":0,"132":0,"133":0,"134":0,"135":0,"136":0,"137":0,"138":0,"139":1,"140":1,"141":1,"142":1,"143":1,"144":1,"145":1,"146":1,"147":1,"148":1},"branchMap":{"0":{"type":"branch","line":7,"loc":{"start":{"line":7,"column":0},"end":{"line":18,"column":1}},"locations":[{"start":{"line":7,"column":0},"end":{"line":18,"column":1}}]}},"b":{"0":[1]},"fnMap":{"0":{"name":"findAll","decl":{"start":{"line":7,"column":0},"end":{"line":18,"column":1}},"loc":{"start":{"line":7,"column":0},"end":{"line":18,"column":1}},"line":7},"1":{"name":"findById","decl":{"start":{"line":20,"column":0},"end":{"line":31,"column":1}},"loc":{"start":{"line":20,"column":0},"end":{"line":31,"column":1}},"line":20},"2":{"name":"findByCategoryId","decl":{"start":{"line":33,"column":0},"end":{"line":47,"column":1}},"loc":{"start":{"line":33,"column":0},"end":{"line":47,"column":1}},"line":33},"3":{"name":"insert","decl":{"start":{"line":49,"column":0},"end":{"line":72,"column":1}},"loc":{"start":{"line":49,"column":0},"end":{"line":72,"column":1}},"line":49},"4":{"name":"update","decl":{"start":{"line":74,"column":0},"end":{"line":102,"column":1}},"loc":{"start":{"line":74,"column":0},"end":{"line":102,"column":1}},"line":74},"5":{"name":"updateStatusProduct","decl":{"start":{"line":104,"column":0},"end":{"line":121,"column":1}},"loc":{"start":{"line":104,"column":0},"end":{"line":121,"column":1}},"line":104},"6":{"name":"destroy","decl":{"start":{"line":123,"column":0},"end":{"line":139,"column":1}},"loc":{"start":{"line":123,"column":0},"end":{"line":139,"column":1}},"line":123}},"f":{"0":1,"1":0,"2":0,"3":0,"4":0,"5":0,"6":0}}
,"D:\\Binar Academy\\backend\\controllers\\user.js": {"path":"D:\\Binar Academy\\backend\\controllers\\user.js","all":false,"statementMap":{"0":{"start":{"line":1,"column":0},"end":{"line":1,"column":55}},"1":{"start":{"line":2,"column":0},"end":{"line":2,"column":33}},"2":{"start":{"line":3,"column":0},"end":{"line":3,"column":32}},"3":{"start":{"line":4,"column":0},"end":{"line":4,"column":36}},"4":{"start":{"line":5,"column":0},"end":{"line":5,"column":39}},"5":{"start":{"line":6,"column":0},"end":{"line":6,"column":25}},"6":{"start":{"line":7,"column":0},"end":{"line":7,"column":29}},"7":{"start":{"line":8,"column":0},"end":{"line":8,"column":23}},"8":{"start":{"line":9,"column":0},"end":{"line":9,"column":39}},"9":{"start":{"line":10,"column":0},"end":{"line":10,"column":0}},"10":{"start":{"line":11,"column":0},"end":{"line":11,"column":30}},"11":{"start":{"line":12,"column":0},"end":{"line":12,"column":49}},"12":{"start":{"line":13,"column":0},"end":{"line":13,"column":21}},"13":{"start":{"line":14,"column":0},"end":{"line":14,"column":14}},"14":{"start":{"line":15,"column":0},"end":{"line":15,"column":32}},"15":{"start":{"line":16,"column":0},"end":{"line":16,"column":7}},"16":{"start":{"line":17,"column":0},"end":{"line":17,"column":10}},"17":{"start":{"line":18,"column":0},"end":{"line":18,"column":22}},"18":{"start":{"line":19,"column":0},"end":{"line":19,"column":35}},"19":{"start":{"line":20,"column":0},"end":{"line":20,"column":27}},"20":{"start":{"line":21,"column":0},"end":{"line":21,"column":35}},"21":{"start":{"line":22,"column":0},"end":{"line":22,"column":30}},"22":{"start":{"line":23,"column":0},"end":{"line":23,"column":32}},"23":{"start":{"line":24,"column":0},"end":{"line":24,"column":36}},"24":{"start":{"line":25,"column":0},"end":{"line":25,"column":6}},"25":{"start":{"line":26,"column":0},"end":{"line":26,"column":14}},"26":{"start":{"line":27,"column":0},"end":{"line":27,"column":21}},"27":{"start":{"line":28,"column":0},"end":{"line":28,"column":7}},"28":{"start":{"line":29,"column":0},"end":{"line":29,"column":3}},"29":{"start":{"line":30,"column":0},"end":{"line":30,"column":1}},"30":{"start":{"line":31,"column":0},"end":{"line":31,"column":0}},"31":{"start":{"line":32,"column":0},"end":{"line":32,"column":41}},"32":{"start":{"line":33,"column":0},"end":{"line":33,"column":53}},"33":{"start":{"line":34,"column":0},"end":{"line":34,"column":72}},"34":{"start":{"line":35,"column":0},"end":{"line":35,"column":12}},"35":{"start":{"line":36,"column":0},"end":{"line":36,"column":27}},"36":{"start":{"line":37,"column":0},"end":{"line":37,"column":6}},"37":{"start":{"line":38,"column":0},"end":{"line":38,"column":5}},"38":{"start":{"line":39,"column":0},"end":{"line":39,"column":12}},"39":{"start":{"line":40,"column":0},"end":{"line":40,"column":24}},"40":{"start":{"line":41,"column":0},"end":{"line":41,"column":5}},"41":{"start":{"line":42,"column":0},"end":{"line":42,"column":1}},"42":{"start":{"line":43,"column":0},"end":{"line":43,"column":0}},"43":{"start":{"line":44,"column":0},"end":{"line":44,"column":49}},"44":{"start":{"line":45,"column":0},"end":{"line":45,"column":54}},"45":{"start":{"line":46,"column":0},"end":{"line":46,"column":50}},"46":{"start":{"line":47,"column":0},"end":{"line":47,"column":12}},"47":{"start":{"line":48,"column":0},"end":{"line":48,"column":27}},"48":{"start":{"line":49,"column":0},"end":{"line":49,"column":6}},"49":{"start":{"line":50,"column":0},"end":{"line":50,"column":5}},"50":{"start":{"line":51,"column":0},"end":{"line":51,"column":33}},"51":{"start":{"line":52,"column":0},"end":{"line":52,"column":58}},"52":{"start":{"line":53,"column":0},"end":{"line":53,"column":14}},"53":{"start":{"line":54,"column":0},"end":{"line":54,"column":29}},"54":{"start":{"line":55,"column":0},"end":{"line":55,"column":8}},"55":{"start":{"line":56,"column":0},"end":{"line":56,"column":7}},"56":{"start":{"line":57,"column":0},"end":{"line":57,"column":60}},"57":{"start":{"line":58,"column":0},"end":{"line":58,"column":40}},"58":{"start":{"line":59,"column":0},"end":{"line":59,"column":26}},"59":{"start":{"line":60,"column":0},"end":{"line":60,"column":40}},"60":{"start":{"line":61,"column":0},"end":{"line":61,"column":32}},"61":{"start":{"line":62,"column":0},"end":{"line":62,"column":7}},"62":{"start":{"line":63,"column":0},"end":{"line":63,"column":59}},"63":{"start":{"line":64,"column":0},"end":{"line":64,"column":14}},"64":{"start":{"line":65,"column":0},"end":{"line":65,"column":54}},"65":{"start":{"line":66,"column":0},"end":{"line":66,"column":8}},"66":{"start":{"line":67,"column":0},"end":{"line":67,"column":7}},"67":{"start":{"line":68,"column":0},"end":{"line":68,"column":61}},"68":{"start":{"line":69,"column":0},"end":{"line":69,"column":3}},"69":{"start":{"line":70,"column":0},"end":{"line":70,"column":1}},"70":{"start":{"line":71,"column":0},"end":{"line":71,"column":0}},"71":{"start":{"line":72,"column":0},"end":{"line":72,"column":33}},"72":{"start":{"line":73,"column":0},"end":{"line":73,"column":61}},"73":{"start":{"line":74,"column":0},"end":{"line":74,"column":25}},"74":{"start":{"line":75,"column":0},"end":{"line":75,"column":43}},"75":{"start":{"line":76,"column":0},"end":{"line":76,"column":71}},"76":{"start":{"line":77,"column":0},"end":{"line":77,"column":13}},"77":{"start":{"line":78,"column":0},"end":{"line":78,"column":18}},"78":{"start":{"line":79,"column":0},"end":{"line":79,"column":38}},"79":{"start":{"line":80,"column":0},"end":{"line":80,"column":31}},"80":{"start":{"line":81,"column":0},"end":{"line":81,"column":32}},"81":{"start":{"line":82,"column":0},"end":{"line":82,"column":38}},"82":{"start":{"line":83,"column":0},"end":{"line":83,"column":44}},"83":{"start":{"line":84,"column":0},"end":{"line":84,"column":44}},"84":{"start":{"line":85,"column":0},"end":{"line":85,"column":40}},"85":{"start":{"line":86,"column":0},"end":{"line":86,"column":46}},"86":{"start":{"line":87,"column":0},"end":{"line":87,"column":6}},"87":{"start":{"line":88,"column":0},"end":{"line":88,"column":30}},"88":{"start":{"line":89,"column":0},"end":{"line":89,"column":14}},"89":{"start":{"line":90,"column":0},"end":{"line":90,"column":24}},"90":{"start":{"line":91,"column":0},"end":{"line":91,"column":8}},"91":{"start":{"line":92,"column":0},"end":{"line":92,"column":7}},"92":{"start":{"line":93,"column":0},"end":{"line":93,"column":14}},"93":{"start":{"line":94,"column":0},"end":{"line":94,"column":46}},"94":{"start":{"line":95,"column":0},"end":{"line":95,"column":7}},"95":{"start":{"line":96,"column":0},"end":{"line":96,"column":10}},"96":{"start":{"line":97,"column":0},"end":{"line":97,"column":14}},"97":{"start":{"line":98,"column":0},"end":{"line":98,"column":32}},"98":{"start":{"line":99,"column":0},"end":{"line":99,"column":7}},"99":{"start":{"line":100,"column":0},"end":{"line":100,"column":3}},"100":{"start":{"line":101,"column":0},"end":{"line":101,"column":1}},"101":{"start":{"line":102,"column":0},"end":{"line":102,"column":0}},"102":{"start":{"line":103,"column":0},"end":{"line":103,"column":33}},"103":{"start":{"line":104,"column":0},"end":{"line":104,"column":24}},"104":{"start":{"line":105,"column":0},"end":{"line":105,"column":46}},"105":{"start":{"line":106,"column":0},"end":{"line":106,"column":63}},"106":{"start":{"line":107,"column":0},"end":{"line":107,"column":34}},"107":{"start":{"line":108,"column":0},"end":{"line":108,"column":0}},"108":{"start":{"line":109,"column":0},"end":{"line":109,"column":16}},"109":{"start":{"line":110,"column":0},"end":{"line":110,"column":36}},"110":{"start":{"line":111,"column":0},"end":{"line":111,"column":38}},"111":{"start":{"line":112,"column":0},"end":{"line":112,"column":36}},"112":{"start":{"line":113,"column":0},"end":{"line":113,"column":44}},"113":{"start":{"line":114,"column":0},"end":{"line":114,"column":4}},"114":{"start":{"line":115,"column":0},"end":{"line":115,"column":0}},"115":{"start":{"line":116,"column":0},"end":{"line":116,"column":46}},"116":{"start":{"line":117,"column":0},"end":{"line":117,"column":20}},"117":{"start":{"line":118,"column":0},"end":{"line":118,"column":22}},"118":{"start":{"line":119,"column":0},"end":{"line":119,"column":36}},"119":{"start":{"line":120,"column":0},"end":{"line":120,"column":38}},"120":{"start":{"line":121,"column":0},"end":{"line":121,"column":36}},"121":{"start":{"line":122,"column":0},"end":{"line":122,"column":4}},"122":{"start":{"line":123,"column":0},"end":{"line":123,"column":21}},"123":{"start":{"line":124,"column":0},"end":{"line":124,"column":1}},"124":{"start":{"line":125,"column":0},"end":{"line":125,"column":0}},"125":{"start":{"line":126,"column":0},"end":{"line":126,"column":32}},"126":{"start":{"line":127,"column":0},"end":{"line":127,"column":43}},"127":{"start":{"line":128,"column":0},"end":{"line":128,"column":12}},"128":{"start":{"line":129,"column":0},"end":{"line":129,"column":40}},"129":{"start":{"line":130,"column":0},"end":{"line":130,"column":6}},"130":{"start":{"line":131,"column":0},"end":{"line":131,"column":5}},"131":{"start":{"line":132,"column":0},"end":{"line":132,"column":20}},"132":{"start":{"line":133,"column":0},"end":{"line":133,"column":26}},"133":{"start":{"line":134,"column":0},"end":{"line":134,"column":46}},"134":{"start":{"line":135,"column":0},"end":{"line":135,"column":31}},"135":{"start":{"line":136,"column":0},"end":{"line":136,"column":31}},"136":{"start":{"line":137,"column":0},"end":{"line":137,"column":6}},"137":{"start":{"line":138,"column":0},"end":{"line":138,"column":25}},"138":{"start":{"line":139,"column":0},"end":{"line":139,"column":22}},"139":{"start":{"line":140,"column":0},"end":{"line":140,"column":29}},"140":{"start":{"line":141,"column":0},"end":{"line":141,"column":9}},"141":{"start":{"line":142,"column":0},"end":{"line":142,"column":29}},"142":{"start":{"line":143,"column":0},"end":{"line":143,"column":43}},"143":{"start":{"line":144,"column":0},"end":{"line":144,"column":45}},"144":{"start":{"line":145,"column":0},"end":{"line":145,"column":43}},"145":{"start":{"line":146,"column":0},"end":{"line":146,"column":10}},"146":{"start":{"line":147,"column":0},"end":{"line":147,"column":32}},"147":{"start":{"line":148,"column":0},"end":{"line":148,"column":8}},"148":{"start":{"line":149,"column":0},"end":{"line":149,"column":16}},"149":{"start":{"line":150,"column":0},"end":{"line":150,"column":20}},"150":{"start":{"line":151,"column":0},"end":{"line":151,"column":14}},"151":{"start":{"line":152,"column":0},"end":{"line":152,"column":9}},"152":{"start":{"line":153,"column":0},"end":{"line":153,"column":13}},"153":{"start":{"line":154,"column":0},"end":{"line":154,"column":5}},"154":{"start":{"line":155,"column":0},"end":{"line":155,"column":0}},"155":{"start":{"line":156,"column":0},"end":{"line":156,"column":14}},"156":{"start":{"line":157,"column":0},"end":{"line":157,"column":18}},"157":{"start":{"line":158,"column":0},"end":{"line":158,"column":35}},"158":{"start":{"line":159,"column":0},"end":{"line":159,"column":7}},"159":{"start":{"line":160,"column":0},"end":{"line":160,"column":11}},"160":{"start":{"line":161,"column":0},"end":{"line":161,"column":3}},"161":{"start":{"line":162,"column":0},"end":{"line":162,"column":0}},"162":{"start":{"line":163,"column":0},"end":{"line":163,"column":26}},"163":{"start":{"line":164,"column":0},"end":{"line":164,"column":12}},"164":{"start":{"line":165,"column":0},"end":{"line":165,"column":16}},"165":{"start":{"line":166,"column":0},"end":{"line":166,"column":30}},"166":{"start":{"line":167,"column":0},"end":{"line":167,"column":5}},"167":{"start":{"line":168,"column":0},"end":{"line":168,"column":9}},"168":{"start":{"line":169,"column":0},"end":{"line":169,"column":1}},"169":{"start":{"line":170,"column":0},"end":{"line":170,"column":0}},"170":{"start":{"line":171,"column":0},"end":{"line":171,"column":18}},"171":{"start":{"line":172,"column":0},"end":{"line":172,"column":9}},"172":{"start":{"line":173,"column":0},"end":{"line":173,"column":8}},"173":{"start":{"line":174,"column":0},"end":{"line":174,"column":6}},"174":{"start":{"line":175,"column":0},"end":{"line":175,"column":17}},"175":{"start":{"line":176,"column":0},"end":{"line":176,"column":25}},"176":{"start":{"line":177,"column":0},"end":{"line":177,"column":9}},"177":{"start":{"line":178,"column":0},"end":{"line":178,"column":2}}},"s":{"0":1,"1":1,"2":1,"3":1,"4":1,"5":1,"6":1,"7":1,"8":1,"9":1,"10":0,"11":0,"12":0,"13":0,"14":0,"15":0,"16":0,"17":0,"18":0,"19":0,"20":0,"21":0,"22":0,"23":0,"24":0,"25":0,"26":0,"27":0,"28":0,"29":0,"30":1,"31":0,"32":0,"33":0,"34":0,"35":0,"36":0,"37":0,"38":0,"39":0,"40":0,"41":0,"42":1,"43":0,"44":0,"45":0,"46":0,"47":0,"48":0,"49":0,"50":0,"51":0,"52":0,"53":0,"54":0,"55":0,"56":0,"57":0,"58":0,"59":0,"60":0,"61":0,"62":0,"63":0,"64":0,"65":0,"66":0,"67":0,"68":0,"69":0,"70":1,"71":0,"72":0,"73":0,"74":0,"75":0,"76":0,"77":0,"78":0,"79":0,"80":0,"81":0,"82":0,"83":0,"84":0,"85":0,"86":0,"87":0,"88":0,"89":0,"90":0,"91":0,"92":0,"93":0,"94":0,"95":0,"96":0,"97":0,"98":0,"99":0,"100":0,"101":1,"102":0,"103":0,"104":0,"105":0,"106":0,"107":0,"108":0,"109":0,"110":0,"111":0,"112":0,"113":0,"114":0,"115":0,"116":0,"117":0,"118":0,"119":0,"120":0,"121":0,"122":0,"123":0,"124":1,"125":0,"126":0,"127":0,"128":0,"129":0,"130":0,"131":0,"132":0,"133":0,"134":0,"135":0,"136":0,"137":0,"138":0,"139":0,"140":0,"141":0,"142":0,"143":0,"144":0,"145":0,"146":0,"147":0,"148":0,"149":0,"150":0,"151":0,"152":0,"153":0,"154":0,"155":0,"156":0,"157":0,"158":0,"159":0,"160":0,"161":0,"162":0,"163":0,"164":0,"165":0,"166":0,"167":0,"168":0,"169":1,"170":1,"171":1,"172":1,"173":1,"174":1,"175":1,"176":1,"177":1},"branchMap":{},"b":{},"fnMap":{"0":{"name":"get","decl":{"start":{"line":11,"column":0},"end":{"line":30,"column":1}},"loc":{"start":{"line":11,"column":0},"end":{"line":30,"column":1}},"line":11},"1":{"name":"getNotications","decl":{"start":{"line":32,"column":0},"end":{"line":42,"column":1}},"loc":{"start":{"line":32,"column":0},"end":{"line":42,"column":1}},"line":32},"2":{"name":"getTransactionsHistory","decl":{"start":{"line":44,"column":0},"end":{"line":70,"column":1}},"loc":{"start":{"line":44,"column":0},"end":{"line":70,"column":1}},"line":44},"3":{"name":"update","decl":{"start":{"line":72,"column":0},"end":{"line":101,"column":1}},"loc":{"start":{"line":72,"column":0},"end":{"line":101,"column":1}},"line":72},"4":{"name":"create","decl":{"start":{"line":103,"column":0},"end":{"line":124,"column":1}},"loc":{"start":{"line":103,"column":0},"end":{"line":124,"column":1}},"line":103},"5":{"name":"login","decl":{"start":{"line":126,"column":0},"end":{"line":169,"column":1}},"loc":{"start":{"line":126,"column":0},"end":{"line":169,"column":1}},"line":126}},"f":{"0":0,"1":0,"2":0,"3":0,"4":0,"5":0}}
,"D:\\Binar Academy\\backend\\middlewares\\profileIsComplete.js": {"path":"D:\\Binar Academy\\backend\\middlewares\\profileIsComplete.js","all":false,"statementMap":{"0":{"start":{"line":1,"column":0},"end":{"line":1,"column":32}},"1":{"start":{"line":2,"column":0},"end":{"line":2,"column":23}},"2":{"start":{"line":3,"column":0},"end":{"line":3,"column":0}},"3":{"start":{"line":4,"column":0},"end":{"line":4,"column":50}},"4":{"start":{"line":5,"column":0},"end":{"line":5,"column":49}},"5":{"start":{"line":6,"column":0},"end":{"line":6,"column":6}},"6":{"start":{"line":7,"column":0},"end":{"line":7,"column":33}},"7":{"start":{"line":8,"column":0},"end":{"line":8,"column":34}},"8":{"start":{"line":9,"column":0},"end":{"line":9,"column":33}},"9":{"start":{"line":10,"column":0},"end":{"line":10,"column":31}},"10":{"start":{"line":11,"column":0},"end":{"line":11,"column":28}},"11":{"start":{"line":12,"column":0},"end":{"line":12,"column":5}},"12":{"start":{"line":13,"column":0},"end":{"line":13,"column":72}},"13":{"start":{"line":14,"column":0},"end":{"line":14,"column":10}},"14":{"start":{"line":15,"column":0},"end":{"line":15,"column":11}},"15":{"start":{"line":16,"column":0},"end":{"line":16,"column":3}},"16":{"start":{"line":17,"column":0},"end":{"line":17,"column":1}},"17":{"start":{"line":18,"column":0},"end":{"line":18,"column":0}},"18":{"start":{"line":19,"column":0},"end":{"line":19,"column":35}}},"s":{"0":1,"1":1,"2":1,"3":0,"4":0,"5":0,"6":0,"7":0,"8":0,"9":0,"10":0,"11":0,"12":0,"13":0,"14":0,"15":0,"16":0,"17":1,"18":1},"branchMap":{},"b":{},"fnMap":{"0":{"name":"profileIsComplete","decl":{"start":{"line":4,"column":0},"end":{"line":17,"column":1}},"loc":{"start":{"line":4,"column":0},"end":{"line":17,"column":1}},"line":4}},"f":{"0":0}}
,"D:\\Binar Academy\\backend\\middlewares\\verifyToken.js": {"path":"D:\\Binar Academy\\backend\\middlewares\\verifyToken.js","all":false,"statementMap":{"0":{"start":{"line":1,"column":0},"end":{"line":1,"column":36}},"1":{"start":{"line":2,"column":0},"end":{"line":2,"column":0}},"2":{"start":{"line":3,"column":0},"end":{"line":3,"column":38}},"3":{"start":{"line":4,"column":0},"end":{"line":4,"column":51}},"4":{"start":{"line":5,"column":0},"end":{"line":5,"column":0}},"5":{"start":{"line":6,"column":0},"end":{"line":6,"column":21}},"6":{"start":{"line":7,"column":0},"end":{"line":7,"column":41}},"7":{"start":{"line":8,"column":0},"end":{"line":8,"column":11}},"8":{"start":{"line":9,"column":0},"end":{"line":9,"column":3}},"9":{"start":{"line":10,"column":0},"end":{"line":10,"column":0}},"10":{"start":{"line":11,"column":0},"end":{"line":11,"column":50}},"11":{"start":{"line":12,"column":0},"end":{"line":12,"column":36}},"12":{"start":{"line":13,"column":0},"end":{"line":13,"column":0}},"13":{"start":{"line":14,"column":0},"end":{"line":14,"column":62}},"14":{"start":{"line":15,"column":0},"end":{"line":15,"column":14}},"15":{"start":{"line":16,"column":0},"end":{"line":16,"column":43}},"16":{"start":{"line":17,"column":0},"end":{"line":17,"column":12}},"17":{"start":{"line":18,"column":0},"end":{"line":18,"column":22}},"18":{"start":{"line":19,"column":0},"end":{"line":19,"column":13}},"19":{"start":{"line":20,"column":0},"end":{"line":20,"column":5}},"20":{"start":{"line":21,"column":0},"end":{"line":21,"column":5}},"21":{"start":{"line":22,"column":0},"end":{"line":22,"column":1}},"22":{"start":{"line":23,"column":0},"end":{"line":23,"column":0}},"23":{"start":{"line":24,"column":0},"end":{"line":24,"column":29}}},"s":{"0":1,"1":1,"2":0,"3":0,"4":0,"5":0,"6":0,"7":0,"8":0,"9":0,"10":0,"11":0,"12":0,"13":0,"14":0,"15":0,"16":0,"17":0,"18":0,"19":0,"20":0,"21":0,"22":1,"23":1},"branchMap":{},"b":{},"fnMap":{"0":{"name":"verifyToken","decl":{"start":{"line":3,"column":0},"end":{"line":22,"column":1}},"loc":{"start":{"line":3,"column":0},"end":{"line":22,"column":1}},"line":3}},"f":{"0":0}}
,"D:\\Binar Academy\\backend\\models\\Category.js": {"path":"D:\\Binar Academy\\backend\\models\\Category.js","all":false,"statementMap":{"0":{"start":{"line":1,"column":0},"end":{"line":1,"column":13}},"1":{"start":{"line":2,"column":0},"end":{"line":2,"column":7}},"2":{"start":{"line":3,"column":0},"end":{"line":3,"column":7}},"3":{"start":{"line":4,"column":0},"end":{"line":4,"column":25}},"4":{"start":{"line":5,"column":0},"end":{"line":5,"column":44}},"5":{"start":{"line":6,"column":0},"end":{"line":6,"column":32}},"6":{"start":{"line":7,"column":0},"end":{"line":7,"column":31}},"7":{"start":{"line":8,"column":0},"end":{"line":8,"column":41}},"8":{"start":{"line":9,"column":0},"end":{"line":9,"column":34}},"9":{"start":{"line":10,"column":0},"end":{"line":10,"column":9}},"10":{"start":{"line":11,"column":0},"end":{"line":11,"column":5}},"11":{"start":{"line":12,"column":0},"end":{"line":12,"column":3}},"12":{"start":{"line":13,"column":0},"end":{"line":13,"column":17}},"13":{"start":{"line":14,"column":0},"end":{"line":14,"column":35}},"14":{"start":{"line":15,"column":0},"end":{"line":15,"column":6}},"15":{"start":{"line":16,"column":0},"end":{"line":16,"column":14}},"16":{"start":{"line":17,"column":0},"end":{"line":17,"column":26}},"17":{"start":{"line":18,"column":0},"end":{"line":18,"column":5}},"18":{"start":{"line":19,"column":0},"end":{"line":19,"column":18}},"19":{"start":{"line":20,"column":0},"end":{"line":20,"column":2}}},"s":{"0":1,"1":1,"2":1,"3":1,"4":1,"5":2,"6":2,"7":2,"8":2,"9":2,"10":2,"11":2,"12":2,"13":2,"14":2,"15":2,"16":2,"17":2,"18":2,"19":2},"branchMap":{"0":{"type":"branch","line":5,"loc":{"start":{"line":5,"column":17},"end":{"line":20,"column":2}},"locations":[{"start":{"line":5,"column":17},"end":{"line":20,"column":2}}]},"1":{"type":"branch","line":7,"loc":{"start":{"line":7,"column":12},"end":{"line":11,"column":5}},"locations":[{"start":{"line":7,"column":12},"end":{"line":11,"column":5}}]}},"b":{"0":[2],"1":[2]},"fnMap":{"0":{"name":"Object.<anonymous>.module.exports","decl":{"start":{"line":5,"column":17},"end":{"line":20,"column":2}},"loc":{"start":{"line":5,"column":17},"end":{"line":20,"column":2}},"line":5},"1":{"name":"associate","decl":{"start":{"line":7,"column":12},"end":{"line":11,"column":5}},"loc":{"start":{"line":7,"column":12},"end":{"line":11,"column":5}},"line":7}},"f":{"0":2,"1":2}}
,"D:\\Binar Academy\\backend\\models\\Notification.js": {"path":"D:\\Binar Academy\\backend\\models\\Notification.js","all":false,"statementMap":{"0":{"start":{"line":1,"column":0},"end":{"line":1,"column":13}},"1":{"start":{"line":2,"column":0},"end":{"line":2,"column":7}},"2":{"start":{"line":3,"column":0},"end":{"line":3,"column":7}},"3":{"start":{"line":4,"column":0},"end":{"line":4,"column":25}},"4":{"start":{"line":5,"column":0},"end":{"line":5,"column":44}},"5":{"start":{"line":6,"column":0},"end":{"line":6,"column":36}},"6":{"start":{"line":7,"column":0},"end":{"line":7,"column":7}},"7":{"start":{"line":8,"column":0},"end":{"line":8,"column":47}},"8":{"start":{"line":9,"column":0},"end":{"line":9,"column":56}},"9":{"start":{"line":10,"column":0},"end":{"line":10,"column":67}},"10":{"start":{"line":11,"column":0},"end":{"line":11,"column":7}},"11":{"start":{"line":12,"column":0},"end":{"line":12,"column":30}},"12":{"start":{"line":13,"column":0},"end":{"line":13,"column":43}},"13":{"start":{"line":14,"column":0},"end":{"line":14,"column":29}},"14":{"start":{"line":15,"column":0},"end":{"line":15,"column":9}},"15":{"start":{"line":16,"column":0},"end":{"line":16,"column":0}},"16":{"start":{"line":17,"column":0},"end":{"line":17,"column":46}},"17":{"start":{"line":18,"column":0},"end":{"line":18,"column":32}},"18":{"start":{"line":19,"column":0},"end":{"line":19,"column":9}},"19":{"start":{"line":20,"column":0},"end":{"line":20,"column":0}},"20":{"start":{"line":21,"column":0},"end":{"line":21,"column":44}},"21":{"start":{"line":22,"column":0},"end":{"line":22,"column":30}},"22":{"start":{"line":23,"column":0},"end":{"line":23,"column":9}},"23":{"start":{"line":24,"column":0},"end":{"line":24,"column":5}},"24":{"start":{"line":25,"column":0},"end":{"line":25,"column":3}},"25":{"start":{"line":26,"column":0},"end":{"line":26,"column":21}},"26":{"start":{"line":27,"column":0},"end":{"line":27,"column":41}},"27":{"start":{"line":28,"column":0},"end":{"line":28,"column":31}},"28":{"start":{"line":29,"column":0},"end":{"line":29,"column":34}},"29":{"start":{"line":30,"column":0},"end":{"line":30,"column":32}},"30":{"start":{"line":31,"column":0},"end":{"line":31,"column":35}},"31":{"start":{"line":32,"column":0},"end":{"line":32,"column":6}},"32":{"start":{"line":33,"column":0},"end":{"line":33,"column":14}},"33":{"start":{"line":34,"column":0},"end":{"line":34,"column":30}},"34":{"start":{"line":35,"column":0},"end":{"line":35,"column":5}},"35":{"start":{"line":36,"column":0},"end":{"line":36,"column":22}},"36":{"start":{"line":37,"column":0},"end":{"line":37,"column":2}}},"s":{"0":1,"1":1,"2":1,"3":1,"4":1,"5":2,"6":2,"7":2,"8":2,"9":2,"10":2,"11":2,"12":2,"13":2,"14":2,"15":2,"16":2,"17":2,"18":2,"19":2,"20":2,"21":2,"22":2,"23":2,"24":2,"25":2,"26":2,"27":2,"28":2,"29":2,"30":2,"31":2,"32":2,"33":2,"34":2,"35":2,"36":2},"branchMap":{"0":{"type":"branch","line":5,"loc":{"start":{"line":5,"column":17},"end":{"line":37,"column":2}},"locations":[{"start":{"line":5,"column":17},"end":{"line":37,"column":2}}]},"1":{"type":"branch","line":12,"loc":{"start":{"line":12,"column":11},"end":{"line":24,"column":5}},"locations":[{"start":{"line":12,"column":11},"end":{"line":24,"column":5}}]}},"b":{"0":[2],"1":[2]},"fnMap":{"0":{"name":"Object.<anonymous>.module.exports","decl":{"start":{"line":5,"column":17},"end":{"line":37,"column":2}},"loc":{"start":{"line":5,"column":17},"end":{"line":37,"column":2}},"line":5},"1":{"name":"associate","decl":{"start":{"line":12,"column":11},"end":{"line":24,"column":5}},"loc":{"start":{"line":12,"column":11},"end":{"line":24,"column":5}},"line":12}},"f":{"0":2,"1":2}}
,"D:\\Binar Academy\\backend\\models\\Order.js": {"path":"D:\\Binar Academy\\backend\\models\\Order.js","all":false,"statementMap":{"0":{"start":{"line":1,"column":0},"end":{"line":1,"column":13}},"1":{"start":{"line":2,"column":0},"end":{"line":2,"column":7}},"2":{"start":{"line":3,"column":0},"end":{"line":3,"column":7}},"3":{"start":{"line":4,"column":0},"end":{"line":4,"column":25}},"4":{"start":{"line":5,"column":0},"end":{"line":5,"column":44}},"5":{"start":{"line":6,"column":0},"end":{"line":6,"column":29}},"6":{"start":{"line":7,"column":0},"end":{"line":7,"column":7}},"7":{"start":{"line":8,"column":0},"end":{"line":8,"column":47}},"8":{"start":{"line":9,"column":0},"end":{"line":9,"column":56}},"9":{"start":{"line":10,"column":0},"end":{"line":10,"column":67}},"10":{"start":{"line":11,"column":0},"end":{"line":11,"column":7}},"11":{"start":{"line":12,"column":0},"end":{"line":12,"column":30}},"12":{"start":{"line":13,"column":0},"end":{"line":13,"column":36}},"13":{"start":{"line":14,"column":0},"end":{"line":14,"column":29}},"14":{"start":{"line":15,"column":0},"end":{"line":15,"column":9}},"15":{"start":{"line":16,"column":0},"end":{"line":16,"column":39}},"16":{"start":{"line":17,"column":0},"end":{"line":17,"column":32}},"17":{"start":{"line":18,"column":0},"end":{"line":18,"column":9}},"18":{"start":{"line":19,"column":0},"end":{"line":19,"column":42}},"19":{"start":{"line":20,"column":0},"end":{"line":20,"column":30}},"20":{"start":{"line":21,"column":0},"end":{"line":21,"column":9}},"21":{"start":{"line":22,"column":0},"end":{"line":22,"column":5}},"22":{"start":{"line":23,"column":0},"end":{"line":23,"column":3}},"23":{"start":{"line":24,"column":0},"end":{"line":24,"column":14}},"24":{"start":{"line":25,"column":0},"end":{"line":25,"column":35}},"25":{"start":{"line":26,"column":0},"end":{"line":26,"column":36}},"26":{"start":{"line":27,"column":0},"end":{"line":27,"column":34}},"27":{"start":{"line":28,"column":0},"end":{"line":28,"column":30}},"28":{"start":{"line":29,"column":0},"end":{"line":29,"column":6}},"29":{"start":{"line":30,"column":0},"end":{"line":30,"column":14}},"30":{"start":{"line":31,"column":0},"end":{"line":31,"column":23}},"31":{"start":{"line":32,"column":0},"end":{"line":32,"column":5}},"32":{"start":{"line":33,"column":0},"end":{"line":33,"column":15}},"33":{"start":{"line":34,"column":0},"end":{"line":34,"column":2}}},"s":{"0":1,"1":1,"2":1,"3":1,"4":1,"5":2,"6":2,"7":2,"8":2,"9":2,"10":2,"11":2,"12":2,"13":2,"14":2,"15":2,"16":2,"17":2,"18":2,"19":2,"20":2,"21":2,"22":2,"23":2,"24":2,"25":2,"26":2,"27":2,"28":2,"29":2,"30":2,"31":2,"32":2,"33":2},"branchMap":{"0":{"type":"branch","line":5,"loc":{"start":{"line":5,"column":17},"end":{"line":34,"column":2}},"locations":[{"start":{"line":5,"column":17},"end":{"line":34,"column":2}}]},"1":{"type":"branch","line":12,"loc":{"start":{"line":12,"column":11},"end":{"line":22,"column":5}},"locations":[{"start":{"line":12,"column":11},"end":{"line":22,"column":5}}]}},"b":{"0":[2],"1":[2]},"fnMap":{"0":{"name":"Object.<anonymous>.module.exports","decl":{"start":{"line":5,"column":17},"end":{"line":34,"column":2}},"loc":{"start":{"line":5,"column":17},"end":{"line":34,"column":2}},"line":5},"1":{"name":"associate","decl":{"start":{"line":12,"column":11},"end":{"line":22,"column":5}},"loc":{"start":{"line":12,"column":11},"end":{"line":22,"column":5}},"line":12}},"f":{"0":2,"1":2}}
,"D:\\Binar Academy\\backend\\models\\Product.js": {"path":"D:\\Binar Academy\\backend\\models\\Product.js","all":false,"statementMap":{"0":{"start":{"line":1,"column":0},"end":{"line":1,"column":13}},"1":{"start":{"line":2,"column":0},"end":{"line":2,"column":7}},"2":{"start":{"line":3,"column":0},"end":{"line":3,"column":7}},"3":{"start":{"line":4,"column":0},"end":{"line":4,"column":25}},"4":{"start":{"line":5,"column":0},"end":{"line":5,"column":44}},"5":{"start":{"line":6,"column":0},"end":{"line":6,"column":31}},"6":{"start":{"line":7,"column":0},"end":{"line":7,"column":30}},"7":{"start":{"line":8,"column":0},"end":{"line":8,"column":42}},"8":{"start":{"line":9,"column":0},"end":{"line":9,"column":34}},"9":{"start":{"line":10,"column":0},"end":{"line":10,"column":9}},"10":{"start":{"line":11,"column":0},"end":{"line":11,"column":0}},"11":{"start":{"line":12,"column":0},"end":{"line":12,"column":38}},"12":{"start":{"line":13,"column":0},"end":{"line":13,"column":29}},"13":{"start":{"line":14,"column":0},"end":{"line":14,"column":9}},"14":{"start":{"line":15,"column":0},"end":{"line":15,"column":0}},"15":{"start":{"line":16,"column":0},"end":{"line":16,"column":37}},"16":{"start":{"line":17,"column":0},"end":{"line":17,"column":32}},"17":{"start":{"line":18,"column":0},"end":{"line":18,"column":9}},"18":{"start":{"line":19,"column":0},"end":{"line":19,"column":0}},"19":{"start":{"line":20,"column":0},"end":{"line":20,"column":44}},"20":{"start":{"line":21,"column":0},"end":{"line":21,"column":32}},"21":{"start":{"line":22,"column":0},"end":{"line":22,"column":9}},"22":{"start":{"line":23,"column":0},"end":{"line":23,"column":5}},"23":{"start":{"line":24,"column":0},"end":{"line":24,"column":3}},"24":{"start":{"line":25,"column":0},"end":{"line":25,"column":16}},"25":{"start":{"line":26,"column":0},"end":{"line":26,"column":35}},"26":{"start":{"line":27,"column":0},"end":{"line":27,"column":37}},"27":{"start":{"line":28,"column":0},"end":{"line":28,"column":40}},"28":{"start":{"line":29,"column":0},"end":{"line":29,"column":36}},"29":{"start":{"line":30,"column":0},"end":{"line":30,"column":41}},"30":{"start":{"line":31,"column":0},"end":{"line":31,"column":35}},"31":{"start":{"line":32,"column":0},"end":{"line":32,"column":30}},"32":{"start":{"line":33,"column":0},"end":{"line":33,"column":6}},"33":{"start":{"line":34,"column":0},"end":{"line":34,"column":14}},"34":{"start":{"line":35,"column":0},"end":{"line":35,"column":25}},"35":{"start":{"line":36,"column":0},"end":{"line":36,"column":5}},"36":{"start":{"line":37,"column":0},"end":{"line":37,"column":17}},"37":{"start":{"line":38,"column":0},"end":{"line":38,"column":2}}},"s":{"0":1,"1":1,"2":1,"3":1,"4":1,"5":2,"6":2,"7":2,"8":2,"9":2,"10":2,"11":2,"12":2,"13":2,"14":2,"15":2,"16":2,"17":2,"18":2,"19":2,"20":2,"21":2,"22":2,"23":2,"24":2,"25":2,"26":2,"27":2,"28":2,"29":2,"30":2,"31":2,"32":2,"33":2,"34":2,"35":2,"36":2,"37":2},"branchMap":{"0":{"type":"branch","line":5,"loc":{"start":{"line":5,"column":17},"end":{"line":38,"column":2}},"locations":[{"start":{"line":5,"column":17},"end":{"line":38,"column":2}}]},"1":{"type":"branch","line":7,"loc":{"start":{"line":7,"column":11},"end":{"line":23,"column":5}},"locations":[{"start":{"line":7,"column":11},"end":{"line":23,"column":5}}]}},"b":{"0":[2],"1":[2]},"fnMap":{"0":{"name":"Object.<anonymous>.module.exports","decl":{"start":{"line":5,"column":17},"end":{"line":38,"column":2}},"loc":{"start":{"line":5,"column":17},"end":{"line":38,"column":2}},"line":5},"1":{"name":"associate","decl":{"start":{"line":7,"column":11},"end":{"line":23,"column":5}},"loc":{"start":{"line":7,"column":11},"end":{"line":23,"column":5}},"line":7}},"f":{"0":2,"1":2}}
,"D:\\Binar Academy\\backend\\models\\User.js": {"path":"D:\\Binar Academy\\backend\\models\\User.js","all":false,"statementMap":{"0":{"start":{"line":1,"column":0},"end":{"line":1,"column":13}},"1":{"start":{"line":2,"column":0},"end":{"line":2,"column":7}},"2":{"start":{"line":3,"column":0},"end":{"line":3,"column":8}},"3":{"start":{"line":4,"column":0},"end":{"line":4,"column":9}},"4":{"start":{"line":5,"column":0},"end":{"line":5,"column":25}},"5":{"start":{"line":6,"column":0},"end":{"line":6,"column":0}},"6":{"start":{"line":7,"column":0},"end":{"line":7,"column":44}},"7":{"start":{"line":8,"column":0},"end":{"line":8,"column":28}},"8":{"start":{"line":9,"column":0},"end":{"line":9,"column":7}},"9":{"start":{"line":10,"column":0},"end":{"line":10,"column":47}},"10":{"start":{"line":11,"column":0},"end":{"line":11,"column":56}},"11":{"start":{"line":12,"column":0},"end":{"line":12,"column":67}},"12":{"start":{"line":13,"column":0},"end":{"line":13,"column":7}},"13":{"start":{"line":14,"column":0},"end":{"line":14,"column":30}},"14":{"start":{"line":15,"column":0},"end":{"line":15,"column":36}},"15":{"start":{"line":16,"column":0},"end":{"line":16,"column":30}},"16":{"start":{"line":17,"column":0},"end":{"line":17,"column":9}},"17":{"start":{"line":18,"column":0},"end":{"line":18,"column":34}},"18":{"start":{"line":19,"column":0},"end":{"line":19,"column":30}},"19":{"start":{"line":20,"column":0},"end":{"line":20,"column":9}},"20":{"start":{"line":21,"column":0},"end":{"line":21,"column":41}},"21":{"start":{"line":22,"column":0},"end":{"line":22,"column":30}},"22":{"start":{"line":23,"column":0},"end":{"line":23,"column":9}},"23":{"start":{"line":24,"column":0},"end":{"line":24,"column":5}},"24":{"start":{"line":25,"column":0},"end":{"line":25,"column":3}},"25":{"start":{"line":26,"column":0},"end":{"line":26,"column":13}},"26":{"start":{"line":27,"column":0},"end":{"line":27,"column":32}},"27":{"start":{"line":28,"column":0},"end":{"line":28,"column":33}},"28":{"start":{"line":29,"column":0},"end":{"line":29,"column":36}},"29":{"start":{"line":30,"column":0},"end":{"line":30,"column":36}},"30":{"start":{"line":31,"column":0},"end":{"line":31,"column":35}},"31":{"start":{"line":32,"column":0},"end":{"line":32,"column":33}},"32":{"start":{"line":33,"column":0},"end":{"line":33,"column":33}},"33":{"start":{"line":34,"column":0},"end":{"line":34,"column":31}},"34":{"start":{"line":35,"column":0},"end":{"line":35,"column":33}},"35":{"start":{"line":36,"column":0},"end":{"line":36,"column":6}},"36":{"start":{"line":37,"column":0},"end":{"line":37,"column":14}},"37":{"start":{"line":38,"column":0},"end":{"line":38,"column":22}},"38":{"start":{"line":39,"column":0},"end":{"line":39,"column":5}},"39":{"start":{"line":40,"column":0},"end":{"line":40,"column":14}},"40":{"start":{"line":41,"column":0},"end":{"line":41,"column":2}}},"s":{"0":1,"1":1,"2":1,"3":1,"4":1,"5":1,"6":1,"7":2,"8":2,"9":2,"10":2,"11":2,"12":2,"13":2,"14":2,"15":2,"16":2,"17":2,"18":2,"19":2,"20":2,"21":2,"22":2,"23":2,"24":2,"25":2,"26":2,"27":2,"28":2,"29":2,"30":2,"31":2,"32":2,"33":2,"34":2,"35":2,"36":2,"37":2,"38":2,"39":2,"40":2},"branchMap":{"0":{"type":"branch","line":7,"loc":{"start":{"line":7,"column":17},"end":{"line":41,"column":2}},"locations":[{"start":{"line":7,"column":17},"end":{"line":41,"column":2}}]},"1":{"type":"branch","line":14,"loc":{"start":{"line":14,"column":11},"end":{"line":24,"column":5}},"locations":[{"start":{"line":14,"column":11},"end":{"line":24,"column":5}}]}},"b":{"0":[2],"1":[2]},"fnMap":{"0":{"name":"Object.<anonymous>.module.exports","decl":{"start":{"line":7,"column":17},"end":{"line":41,"column":2}},"loc":{"start":{"line":7,"column":17},"end":{"line":41,"column":2}},"line":7},"1":{"name":"associate","decl":{"start":{"line":14,"column":11},"end":{"line":24,"column":5}},"loc":{"start":{"line":14,"column":11},"end":{"line":24,"column":5}},"line":14}},"f":{"0":2,"1":2}}
,"D:\\Binar Academy\\backend\\models\\index.js": {"path":"D:\\Binar Academy\\backend\\models\\index.js","all":false,"statementMap":{"0":{"start":{"line":1,"column":0},"end":{"line":1,"column":13}},"1":{"start":{"line":2,"column":0},"end":{"line":2,"column":0}},"2":{"start":{"line":3,"column":0},"end":{"line":3,"column":25}},"3":{"start":{"line":4,"column":0},"end":{"line":4,"column":29}},"4":{"start":{"line":5,"column":0},"end":{"line":5,"column":39}},"5":{"start":{"line":6,"column":0},"end":{"line":6,"column":43}},"6":{"start":{"line":7,"column":0},"end":{"line":7,"column":50}},"7":{"start":{"line":8,"column":0},"end":{"line":8,"column":64}},"8":{"start":{"line":9,"column":0},"end":{"line":9,"column":14}},"9":{"start":{"line":10,"column":0},"end":{"line":10,"column":0}},"10":{"start":{"line":11,"column":0},"end":{"line":11,"column":14}},"11":{"start":{"line":12,"column":0},"end":{"line":12,"column":30}},"12":{"start":{"line":13,"column":0},"end":{"line":13,"column":74}},"13":{"start":{"line":14,"column":0},"end":{"line":14,"column":8}},"14":{"start":{"line":15,"column":0},"end":{"line":15,"column":87}},"15":{"start":{"line":16,"column":0},"end":{"line":16,"column":1}},"16":{"start":{"line":17,"column":0},"end":{"line":17,"column":0}},"17":{"start":{"line":18,"column":0},"end":{"line":18,"column":2}},"18":{"start":{"line":19,"column":0},"end":{"line":19,"column":25}},"19":{"start":{"line":20,"column":0},"end":{"line":20,"column":19}},"20":{"start":{"line":21,"column":0},"end":{"line":21,"column":90}},"21":{"start":{"line":22,"column":0},"end":{"line":22,"column":4}},"22":{"start":{"line":23,"column":0},"end":{"line":23,"column":20}},"23":{"start":{"line":24,"column":0},"end":{"line":24,"column":86}},"24":{"start":{"line":25,"column":0},"end":{"line":25,"column":27}},"25":{"start":{"line":26,"column":0},"end":{"line":26,"column":5}},"26":{"start":{"line":27,"column":0},"end":{"line":27,"column":0}},"27":{"start":{"line":28,"column":0},"end":{"line":28,"column":38}},"28":{"start":{"line":29,"column":0},"end":{"line":29,"column":32}},"29":{"start":{"line":30,"column":0},"end":{"line":30,"column":32}},"30":{"start":{"line":31,"column":0},"end":{"line":31,"column":3}},"31":{"start":{"line":32,"column":0},"end":{"line":32,"column":3}},"32":{"start":{"line":33,"column":0},"end":{"line":33,"column":0}},"33":{"start":{"line":34,"column":0},"end":{"line":34,"column":25}},"34":{"start":{"line":35,"column":0},"end":{"line":35,"column":25}},"35":{"start":{"line":36,"column":0},"end":{"line":36,"column":0}},"36":{"start":{"line":37,"column":0},"end":{"line":37,"column":13}},"37":{"start":{"line":38,"column":0},"end":{"line":38,"column":54}},"38":{"start":{"line":39,"column":0},"end":{"line":39,"column":60}},"39":{"start":{"line":40,"column":0},"end":{"line":40,"column":63}},"40":{"start":{"line":41,"column":0},"end":{"line":41,"column":56}},"41":{"start":{"line":42,"column":0},"end":{"line":42,"column":70}},"42":{"start":{"line":43,"column":0},"end":{"line":43,"column":0}},"43":{"start":{"line":44,"column":0},"end":{"line":44,"column":0}},"44":{"start":{"line":45,"column":0},"end":{"line":45,"column":25}},"45":{"start":{"line":46,"column":0},"end":{"line":46,"column":22}},"46":{"start":{"line":47,"column":0},"end":{"line":47,"column":25}},"47":{"start":{"line":48,"column":0},"end":{"line":48,"column":27}},"48":{"start":{"line":49,"column":0},"end":{"line":49,"column":23}},"49":{"start":{"line":50,"column":0},"end":{"line":50,"column":30}},"50":{"start":{"line":51,"column":0},"end":{"line":51,"column":0}},"51":{"start":{"line":52,"column":0},"end":{"line":52,"column":20}}},"s":{"0":1,"1":1,"2":1,"3":1,"4":1,"5":1,"6":1,"7":1,"8":1,"9":1,"10":1,"11":1,"12":0,"13":1,"14":1,"15":1,"16":1,"17":1,"18":1,"19":1,"20":6,"21":6,"22":1,"23":5,"24":5,"25":5,"26":1,"27":1,"28":5,"29":5,"30":5,"31":5,"32":1,"33":1,"34":1,"35":1,"36":1,"37":1,"38":1,"39":1,"40":1,"41":1,"42":1,"43":1,"44":1,"45":1,"46":1,"47":1,"48":1,"49":1,"50":1,"51":1},"branchMap":{"0":{"type":"branch","line":7,"loc":{"start":{"line":7,"column":12},"end":{"line":7,"column":50}},"locations":[{"start":{"line":7,"column":12},"end":{"line":7,"column":50}}]},"1":{"type":"branch","line":12,"loc":{"start":{"line":12,"column":29},"end":{"line":14,"column":7}},"locations":[{"start":{"line":12,"column":29},"end":{"line":14,"column":7}}]},"2":{"type":"branch","line":20,"loc":{"start":{"line":20,"column":10},"end":{"line":22,"column":4}},"locations":[{"start":{"line":20,"column":10},"end":{"line":22,"column":4}}]},"3":{"type":"branch","line":21,"loc":{"start":{"line":21,"column":11},"end":{"line":21,"column":90}},"locations":[{"start":{"line":21,"column":11},"end":{"line":21,"column":90}}]},"4":{"type":"branch","line":23,"loc":{"start":{"line":23,"column":11},"end":{"line":26,"column":5}},"locations":[{"start":{"line":23,"column":11},"end":{"line":26,"column":5}}]},"5":{"type":"branch","line":28,"loc":{"start":{"line":28,"column":24},"end":{"line":32,"column":3}},"locations":[{"start":{"line":28,"column":24},"end":{"line":32,"column":3}}]}},"b":{"0":[0],"1":[0],"2":[6],"3":[5],"4":[5],"5":[5]},"fnMap":{},"f":{}}
,"D:\\Binar Academy\\backend\\routes\\index.js": {"path":"D:\\Binar Academy\\backend\\routes\\index.js","all":false,"statementMap":{"0":{"start":{"line":1,"column":0},"end":{"line":1,"column":33}},"1":{"start":{"line":2,"column":0},"end":{"line":2,"column":30}},"2":{"start":{"line":3,"column":0},"end":{"line":3,"column":0}},"3":{"start":{"line":4,"column":0},"end":{"line":4,"column":20}},"4":{"start":{"line":5,"column":0},"end":{"line":5,"column":36}},"5":{"start":{"line":6,"column":0},"end":{"line":6,"column":1}},"6":{"start":{"line":7,"column":0},"end":{"line":7,"column":3}},"7":{"start":{"line":8,"column":0},"end":{"line":8,"column":0}},"8":{"start":{"line":9,"column":0},"end":{"line":9,"column":24}}},"s":{"0":1,"1":1,"2":1,"3":1,"4":1,"5":0,"6":0,"7":1,"8":1},"branchMap":{},"b":{},"fnMap":{},"f":{}}
,"D:\\Binar Academy\\backend\\routes\\order.js": {"path":"D:\\Binar Academy\\backend\\routes\\order.js","all":false,"statementMap":{"0":{"start":{"line":1,"column":0},"end":{"line":1,"column":33}},"1":{"start":{"line":2,"column":0},"end":{"line":2,"column":30}},"2":{"start":{"line":3,"column":0},"end":{"line":3,"column":56}},"3":{"start":{"line":4,"column":0},"end":{"line":4,"column":68}},"4":{"start":{"line":5,"column":0},"end":{"line":5,"column":80}},"5":{"start":{"line":6,"column":0},"end":{"line":6,"column":0}},"6":{"start":{"line":7,"column":0},"end":{"line":7,"column":93}},"7":{"start":{"line":8,"column":0},"end":{"line":8,"column":0}},"8":{"start":{"line":9,"column":0},"end":{"line":9,"column":95}},"9":{"start":{"line":10,"column":0},"end":{"line":10,"column":0}},"10":{"start":{"line":11,"column":0},"end":{"line":11,"column":24}}},"s":{"0":1,"1":1,"2":1,"3":1,"4":1,"5":1,"6":1,"7":1,"8":1,"9":1,"10":1},"branchMap":{},"b":{},"fnMap":{},"f":{}}
,"D:\\Binar Academy\\backend\\routes\\product.js": {"path":"D:\\Binar Academy\\backend\\routes\\product.js","all":false,"statementMap":{"0":{"start":{"line":1,"column":0},"end":{"line":1,"column":33}},"1":{"start":{"line":2,"column":0},"end":{"line":2,"column":30}},"2":{"start":{"line":3,"column":0},"end":{"line":3,"column":60}},"3":{"start":{"line":4,"column":0},"end":{"line":4,"column":68}},"4":{"start":{"line":5,"column":0},"end":{"line":5,"column":80}},"5":{"start":{"line":6,"column":0},"end":{"line":6,"column":0}},"6":{"start":{"line":7,"column":0},"end":{"line":7,"column":43}},"7":{"start":{"line":8,"column":0},"end":{"line":8,"column":0}},"8":{"start":{"line":9,"column":0},"end":{"line":9,"column":47}},"9":{"start":{"line":10,"column":0},"end":{"line":10,"column":0}},"10":{"start":{"line":11,"column":0},"end":{"line":11,"column":66}},"11":{"start":{"line":12,"column":0},"end":{"line":12,"column":0}},"12":{"start":{"line":13,"column":0},"end":{"line":13,"column":95}},"13":{"start":{"line":14,"column":0},"end":{"line":14,"column":0}},"14":{"start":{"line":15,"column":0},"end":{"line":15,"column":97}},"15":{"start":{"line":16,"column":0},"end":{"line":16,"column":0}},"16":{"start":{"line":17,"column":0},"end":{"line":17,"column":117}},"17":{"start":{"line":18,"column":0},"end":{"line":18,"column":0}},"18":{"start":{"line":19,"column":0},"end":{"line":19,"column":101}},"19":{"start":{"line":20,"column":0},"end":{"line":20,"column":0}},"20":{"start":{"line":21,"column":0},"end":{"line":21,"column":24}}},"s":{"0":1,"1":1,"2":1,"3":1,"4":1,"5":1,"6":1,"7":1,"8":1,"9":1,"10":1,"11":1,"12":1,"13":1,"14":1,"15":1,"16":1,"17":1,"18":1,"19":1,"20":1},"branchMap":{},"b":{},"fnMap":{},"f":{}}
,"D:\\Binar Academy\\backend\\routes\\user.js": {"path":"D:\\Binar Academy\\backend\\routes\\user.js","all":false,"statementMap":{"0":{"start":{"line":1,"column":0},"end":{"line":1,"column":33}},"1":{"start":{"line":2,"column":0},"end":{"line":2,"column":30}},"2":{"start":{"line":3,"column":0},"end":{"line":3,"column":54}},"3":{"start":{"line":4,"column":0},"end":{"line":4,"column":68}},"4":{"start":{"line":5,"column":0},"end":{"line":5,"column":0}},"5":{"start":{"line":6,"column":0},"end":{"line":6,"column":59}},"6":{"start":{"line":7,"column":0},"end":{"line":7,"column":83}},"7":{"start":{"line":8,"column":0},"end":{"line":8,"column":90}},"8":{"start":{"line":9,"column":0},"end":{"line":9,"column":40}},"9":{"start":{"line":10,"column":0},"end":{"line":10,"column":62}},"10":{"start":{"line":11,"column":0},"end":{"line":11,"column":44}},"11":{"start":{"line":12,"column":0},"end":{"line":12,"column":0}},"12":{"start":{"line":13,"column":0},"end":{"line":13,"column":24}}},"s":{"0":1,"1":1,"2":1,"3":1,"4":1,"5":1,"6":1,"7":1,"8":1,"9":1,"10":1,"11":1,"12":1},"branchMap":{},"b":{},"fnMap":{},"f":{}}
}
